2025-02-23 12:55:18,313 - ERROR - Error al cargar el archivo: [Errno 2] No such file or directory: '../data/train.csv'
2025-02-23 12:55:18,314 - ERROR - Error en la ejecución del script: 'NoneType' object is not subscriptable
2025-02-23 12:55:33,129 - ERROR - Error en la ejecución del script: entrenar_modelo() missing 1 required positional argument: 'y'
2025-02-23 12:59:51,553 - ERROR - Error en la ejecución del script: El dataset de entrenamiento debe contener la variable objetivo 'SalePrice'.
2025-02-23 13:08:40,360 - ERROR - Error en la ejecución del script: "['SalePrice'] not found in axis"
2025-02-23 13:10:02,353 - ERROR - Error en la ejecución del script: "['SalePrice'] not found in axis"
2025-02-23 13:10:39,632 - INFO - Cargando datos de entrenamiento...
2025-02-23 13:10:39,642 - INFO - Datos cargados correctamente desde train.csv
2025-02-23 13:10:39,642 - INFO - Seleccionando variables...
2025-02-23 13:10:39,642 - INFO - Variables seleccionadas correctamente.
2025-02-23 13:10:39,642 - ERROR - Error en la ejecución del script: "['SalePrice'] not found in axis"
2025-02-23 13:14:19,605 - INFO - Cargando datos de entrenamiento...
2025-02-23 13:14:19,617 - INFO - Datos cargados correctamente desde train.csv
2025-02-23 13:14:19,617 - INFO - Seleccionando variables...
2025-02-23 13:14:19,618 - INFO - Variables seleccionadas correctamente.
2025-02-23 13:14:19,618 - INFO - Entrenando modelo de Random Forest...
2025-02-23 13:14:19,864 - INFO - Error Absoluto Medio Porcentual (MAPE): 0.18559692734308458
2025-02-23 13:14:19,883 - INFO - Modelo guardado como 'random_forest_model.pkl'
2025-02-23 13:14:19,883 - INFO - Cargando datos de prueba y generando predicciones...
2025-02-23 13:14:19,898 - ERROR - Error en la predicción: [Errno 2] No such file or directory: 'test.csv'
2025-02-23 13:14:19,898 - INFO - Proceso completado. Predicciones guardadas en predicciones.csv
2025-02-23 13:15:56,009 - INFO - Cargando datos de entrenamiento...
2025-02-23 13:15:56,019 - INFO - Datos cargados correctamente desde train.csv
2025-02-23 13:15:56,019 - INFO - Seleccionando variables...
2025-02-23 13:15:56,019 - INFO - Variables seleccionadas correctamente.
2025-02-23 13:15:56,019 - INFO - Entrenando modelo de Random Forest...
2025-02-23 13:15:56,278 - INFO - Error Absoluto Medio Porcentual (MAPE): 0.18559692734308458
2025-02-23 13:15:56,298 - INFO - Modelo guardado como 'random_forest_model.pkl'
2025-02-23 13:15:56,298 - INFO - Cargando datos de prueba y generando predicciones...
2025-02-23 13:15:56,368 - INFO - Predicciones guardadas en predicciones.csv
2025-02-23 13:15:56,368 - INFO - Proceso completado. Predicciones guardadas en predicciones.csv
2025-02-23 13:21:28,023 - INFO - Cargando datos de entrenamiento...
2025-02-23 13:21:28,034 - INFO - Datos cargados correctamente desde train.csv
2025-02-23 13:21:28,034 - INFO - Seleccionando variables...
2025-02-23 13:21:28,036 - INFO - Variables seleccionadas correctamente.
2025-02-23 13:21:28,036 - INFO - Entrenando modelo de Random Forest...
2025-02-23 13:21:28,276 - INFO - Error Absoluto Medio Porcentual (MAPE): 0.18559692734308458
2025-02-23 13:21:28,290 - INFO - Modelo guardado como 'random_forest_model.pkl'
2025-02-23 13:21:28,290 - INFO - Cargando datos de prueba y generando predicciones...
2025-02-23 13:21:28,313 - INFO - Variables seleccionadas correctamente.
2025-02-23 13:21:28,331 - INFO - Variables seleccionadas correctamente.
2025-02-23 13:21:28,335 - INFO - Predicciones guardadas en predicciones.csv
2025-02-23 13:21:28,336 - INFO - Proceso completado. Predicciones guardadas en predicciones.csv
2025-02-23 13:22:38,009 - INFO - Cargando datos de entrenamiento...
2025-02-23 13:22:38,018 - INFO - Datos cargados correctamente desde train.csv
2025-02-23 13:22:38,018 - INFO - Seleccionando variables...
2025-02-23 13:22:38,018 - INFO - Variables seleccionadas correctamente.
2025-02-23 13:22:38,018 - INFO - Entrenando modelo de Random Forest...
2025-02-23 13:22:38,258 - INFO - Error Absoluto Medio Porcentual (MAPE): 0.18559692734308458
2025-02-23 13:22:38,276 - INFO - Modelo guardado como 'random_forest_model.pkl'
2025-02-23 13:22:38,277 - INFO - Cargando datos de prueba y generando predicciones...
2025-02-23 13:22:38,298 - INFO - Variables seleccionadas correctamente.
2025-02-23 13:22:38,317 - INFO - Variables seleccionadas correctamente.
2025-02-23 13:22:38,320 - INFO - Predicciones guardadas en predicciones.csv
2025-02-23 13:22:38,321 - INFO - Proceso completado. Predicciones guardadas en predicciones.csv
2025-02-23 20:01:21,030 - INFO - Cargando datos de entrenamiento...
2025-02-23 20:01:21,042 - INFO - Datos cargados correctamente desde train.csv
2025-02-23 20:01:21,042 - INFO - Seleccionando variables...
2025-02-23 20:01:21,044 - INFO - Variables seleccionadas correctamente.
2025-02-23 20:01:21,044 - INFO - Entrenando modelo de Random Forest...
2025-02-23 20:01:21,285 - INFO - Error Absoluto Medio Porcentual (MAPE): 0.18559692734308458
2025-02-23 20:01:21,337 - INFO - Modelo guardado como 'random_forest_model.pkl'
2025-02-23 20:01:21,337 - INFO - Cargando datos de prueba y generando predicciones...
2025-02-23 20:01:21,370 - INFO - Variables seleccionadas correctamente.
2025-02-23 20:01:21,389 - INFO - Variables seleccionadas correctamente.
2025-02-23 20:01:21,394 - INFO - Predicciones guardadas en prediciones.csv
2025-02-23 20:01:21,395 - INFO - Proceso completado. Predicciones guardadas en prediciones.csv
2025-02-23 14:02:55,648 - INFO - Cargando datos de entrenamiento...
2025-02-23 14:02:55,663 - INFO - Datos cargados correctamente desde train.csv
2025-02-23 14:02:55,663 - INFO - Seleccionando variables...
2025-02-23 14:02:55,665 - INFO - Variables seleccionadas correctamente.
2025-02-23 14:02:55,666 - INFO - Entrenando modelo de Random Forest...
2025-02-23 14:02:55,911 - INFO - Error Absoluto Medio Porcentual (MAPE): 0.18559692734308458
2025-02-23 14:02:55,925 - INFO - Modelo guardado como 'random_forest_model.pkl'
2025-02-23 14:02:55,926 - INFO - Cargando datos de prueba y generando predicciones...
2025-02-23 14:02:55,952 - INFO - Variables seleccionadas correctamente.
2025-02-23 14:02:55,970 - INFO - Variables seleccionadas correctamente.
2025-02-23 14:02:55,974 - INFO - Predicciones guardadas en predicciones.csv
2025-02-23 14:02:55,975 - INFO - Proceso completado. Predicciones guardadas en predicciones.csv
2025-02-23 20:03:30,674 - INFO - Cargando datos de entrenamiento...
2025-02-23 20:03:30,684 - INFO - Datos cargados correctamente desde train.csv
2025-02-23 20:03:30,684 - INFO - Seleccionando variables...
2025-02-23 20:03:30,685 - INFO - Variables seleccionadas correctamente.
2025-02-23 20:03:30,685 - INFO - Entrenando modelo de Random Forest...
2025-02-23 20:03:30,924 - INFO - Error Absoluto Medio Porcentual (MAPE): 0.18559692734308458
2025-02-23 20:03:30,971 - INFO - Modelo guardado como 'random_forest_model.pkl'
2025-02-23 20:03:30,972 - INFO - Cargando datos de prueba y generando predicciones...
2025-02-23 20:03:31,000 - INFO - Variables seleccionadas correctamente.
2025-02-23 20:03:31,019 - INFO - Variables seleccionadas correctamente.
2025-02-23 20:03:31,024 - INFO - Predicciones guardadas en predicciones1.csv
2025-02-23 20:03:31,025 - INFO - Proceso completado. Predicciones guardadas en predicciones1.csv
